<?xml version="1.0" ?><testsuite name="com.rocs.video.rental.app.facade.item.impl.ItemFacadeImplTest" time="2.343" timestamp="2026-09-22T12:00:02" tests="2" failures="0" skipped="0" aborted="0"><properties>
[...]
</properties><testcase classname="com.rocs.video.rental.app.facade.item.impl.ItemFacadeImplTest" name="testGetItemByIdReturnsId()" time="0.07"></testcase><testcase classname="com.rocs.video.rental.app.facade.item.impl.ItemFacadeImplTest" name="testGetItemByIdReturnsNull()" time="2.174"></testcase><system-err>Mockito is currently self-attaching to enable the inline-mock-maker. This will no longer work in future releases of the JDK. Please add Mockito as an agent to your build as described in Mockito's documentation: https://javadoc.io/doc/org.mockito/mockito-core/latest/org/mockito/Mockito.html#0.3
WARNING: A Java agent has been loaded dynamically (C:\Users\admin\.ivy2\cache\net.bytebuddy\byte-buddy-agent\jars\byte-buddy-agent-1.15.11.jar)
WARNING: If a serviceability tool is in use, please run with -XX:+EnableDynamicAgentLoading to hide this warning
WARNING: If a serviceability tool is not in use, please run with -Djdk.instrument.traceUsage for more information
WARNING: Dynamic loading of agents will be disallowed by default in a future release
</system-err></testsuite>